<?xml version="1.0" encoding="UTF-8"?>
<!-- Generated by org.testng.reporters.JUnitXMLReporter -->
<testsuite ignored="0" hostname="INBook_X1" failures="1" tests="3" name="Test1" time="8.515" errors="0" timestamp="2024-09-13T18:23:58 IST">
  <testcase classname="alpha_task.Execution_part" name="drop" time="1.67">
    <failure type="java.lang.IllegalArgumentException" message="bound must be positive">
      <![CDATA[java.lang.IllegalArgumentException: bound must be positive
at java.base/java.util.Random.nextInt(Random.java:321)
at alpha_class.Mycontact_dropdown.randomdop(Mycontact_dropdown.java:23)
at alpha_task.Execution_part.drop(Execution_part.java:221)
at java.base/java.util.ArrayList.forEach(ArrayList.java:1511)
... Removed 25 stack frames]]>
    </failure>
  </testcase> <!-- drop -->
  <testcase classname="alpha_task.Execution_part" name="login1" time="2.217"/>
  <testcase classname="alpha_task.Execution_part" name="sendkey" time="1.544"/>
</testsuite> <!-- Test1 -->
