<?xml version="1.0" encoding="UTF-8"?>
<!-- Generated by org.testng.reporters.JUnitXMLReporter -->
<testsuite ignored="0" hostname="INBook_X1" failures="0" tests="3" name="Test" time="10.885" errors="0" timestamp="2024-09-13T18:23:50 IST">
  <testcase classname="alpha_task.Execution_part" name="drop" time="0.577"/>
  <testcase classname="alpha_task.Execution_part" name="login1" time="2.267"/>
  <testcase classname="alpha_task.Execution_part" name="sendkey" time="1.295"/>
</testsuite> <!-- Test -->
